#
# There is insufficient memory for the Java Runtime Environment to continue.
# Cannot create GC thread. Out of system resources.
# Possible reasons:
#   The system is out of physical RAM or swap space
#   In 32 bit mode, the process size limit was hit
# Possible solutions:
#   Reduce memory load on the system
#   Increase physical memory or swap space
#   Check if swap backing store is full
#   Use 64 bit Java on a 64 bit OS
#   Decrease Java heap size (-Xmx/-Xms)
#   Decrease number of Java threads
#   Decrease Java thread stack sizes (-Xss)
#   Set larger code cache with -XX:ReservedCodeCacheSize=
# This output file may be truncated or incomplete.
#
#  Out of Memory Error (gcTaskThread.cpp:48), pid=20095, tid=140553986348800
#
# JRE version:  (8.0_71-b15) (build )
# Java VM: OpenJDK 64-Bit Server VM (25.71-b15 mixed mode linux-amd64 compressed oops)
# Failed to write core dump. Core dumps have been disabled. To enable core dumping, try "ulimit -c unlimited" before starting Java again
#

---------------  T H R E A D  ---------------

Current thread (0x00007fd540008000):  JavaThread "Unknown thread" [_thread_in_vm, id=20097, stack(0x00007fd5465d9000,0x00007fd5466da000)]

Stack: [0x00007fd5465d9000,0x00007fd5466da000],  sp=0x00007fd5466d8770,  free space=1021k
Native frames: (J=compiled Java code, j=interpreted, Vv=VM code, C=native code)
V  [libjvm.so+0xa0854d]
V  [libjvm.so+0x4c4cca]
V  [libjvm.so+0x59191f]
V  [libjvm.so+0x590ae7]
V  [libjvm.so+0x890654]
V  [libjvm.so+0x9d2df9]
V  [libjvm.so+0x9d3102]
V  [libjvm.so+0x5ef295]
V  [libjvm.so+0x9b702e]
V  [libjvm.so+0x661c95]  JNI_CreateJavaVM+0x65
C  [libjli.so+0x30a7]
C  [libpthread.so.0+0x7dc5]  start_thread+0xc5


---------------  P R O C E S S  ---------------

Java Threads: ( => current thread )

Other Threads:

=>0x00007fd540008000 (exited) JavaThread "Unknown thread" [_thread_in_vm, id=20097, stack(0x00007fd5465d9000,0x00007fd5466da000)]

VM state:not at safepoint (not fully initialized)

VM Mutex/Monitor currently owned by a thread: None

GC Heap History (0 events):
No events

Deoptimization events (0 events):
No events

Internal exceptions (0 events):
No events

Events (0 events):
No events


Dynamic libraries:
00400000-00401000 r-xp 00000000 fd:00 168339457                          /usr/lib/jvm/java-1.8.0-openjdk-1.8.0.71-2.b15.el7_2.x86_64/bin/javac
00600000-00601000 r--p 00000000 fd:00 168339457                          /usr/lib/jvm/java-1.8.0-openjdk-1.8.0.71-2.b15.el7_2.x86_64/bin/javac
00601000-00602000 rw-p 00001000 fd:00 168339457                          /usr/lib/jvm/java-1.8.0-openjdk-1.8.0.71-2.b15.el7_2.x86_64/bin/javac
018c5000-018e6000 rw-p 00000000 00:00 0                                  [heap]
80200000-80780000 rw-p 00000000 00:00 0 
80780000-580100000 ---p 00000000 00:00 0 
580100000-580380000 rw-p 00000000 00:00 0 
580380000-800000000 ---p 00000000 00:00 0 
7fd5288da000-7fd5288db000 ---p 00000000 00:00 0 
7fd5288db000-7fd5289db000 rw-p 00000000 00:00 0 
7fd5289db000-7fd5289dc000 ---p 00000000 00:00 0 
7fd5289dc000-7fd528adc000 rw-p 00000000 00:00 0                          [stack:20146]
7fd528adc000-7fd528add000 ---p 00000000 00:00 0 
7fd528add000-7fd528bdd000 rw-p 00000000 00:00 0                          [stack:20144]
7fd528bdd000-7fd528bde000 ---p 00000000 00:00 0 
7fd528bde000-7fd528cde000 rw-p 00000000 00:00 0                          [stack:20142]
7fd528cde000-7fd528cdf000 ---p 00000000 00:00 0 
7fd528cdf000-7fd528ddf000 rw-p 00000000 00:00 0                          [stack:20140]
7fd528ddf000-7fd528de0000 ---p 00000000 00:00 0 
7fd528de0000-7fd528ee0000 rw-p 00000000 00:00 0                          [stack:20138]
7fd528ee0000-7fd528ee1000 ---p 00000000 00:00 0 
7fd528ee1000-7fd528fe1000 rw-p 00000000 00:00 0                          [stack:20136]
7fd528fe1000-7fd528fe2000 ---p 00000000 00:00 0 
7fd528fe2000-7fd5290e2000 rw-p 00000000 00:00 0                          [stack:20134]
7fd5290e2000-7fd5290e3000 ---p 00000000 00:00 0 
7fd5290e3000-7fd5291e3000 rw-p 00000000 00:00 0                          [stack:20132]
7fd5291e3000-7fd5291e4000 ---p 00000000 00:00 0 
7fd5291e4000-7fd5292e4000 rw-p 00000000 00:00 0                          [stack:20130]
7fd5292e4000-7fd5292e5000 ---p 00000000 00:00 0 
7fd5292e5000-7fd5293e5000 rw-p 00000000 00:00 0                          [stack:20126]
7fd5293e5000-7fd5293e6000 ---p 00000000 00:00 0 
7fd5293e6000-7fd5294e6000 rw-p 00000000 00:00 0                          [stack:20123]
7fd5294e6000-7fd5294e7000 ---p 00000000 00:00 0 
7fd5294e7000-7fd5295e7000 rw-p 00000000 00:00 0                          [stack:20121]
7fd5295e7000-7fd5295e8000 ---p 00000000 00:00 0 
7fd5295e8000-7fd5296e8000 rw-p 00000000 00:00 0                          [stack:20119]
7fd5296e8000-7fd5296e9000 ---p 00000000 00:00 0 
7fd5296e9000-7fd5297e9000 rw-p 00000000 00:00 0                          [stack:20116]
7fd5297e9000-7fd5297ea000 ---p 00000000 00:00 0 
7fd5297ea000-7fd5298ea000 rw-p 00000000 00:00 0                          [stack:20114]
7fd5298ea000-7fd5298eb000 ---p 00000000 00:00 0 
7fd5298eb000-7fd5299eb000 rw-p 00000000 00:00 0                          [stack:20112]
7fd5299eb000-7fd5299ec000 ---p 00000000 00:00 0 
7fd5299ec000-7fd529aec000 rw-p 00000000 00:00 0                          [stack:20110]
7fd529aec000-7fd529aed000 ---p 00000000 00:00 0 
7fd529aed000-7fd529bed000 rw-p 00000000 00:00 0                          [stack:20108]
7fd529bed000-7fd529bee000 ---p 00000000 00:00 0 
7fd529bee000-7fd529cee000 rw-p 00000000 00:00 0                          [stack:20106]
7fd529cee000-7fd529cef000 ---p 00000000 00:00 0 
7fd529cef000-7fd529def000 rw-p 00000000 00:00 0                          [stack:20104]
7fd529def000-7fd529df0000 ---p 00000000 00:00 0 
7fd529df0000-7fd529ef0000 rw-p 00000000 00:00 0                          [stack:20102]
7fd529ef0000-7fd529ef1000 ---p 00000000 00:00 0 
7fd529ef1000-7fd529ff4000 rw-p 00000000 00:00 0                          [stack:20100]
7fd529ff4000-7fd52c7f1000 ---p 00000000 00:00 0 
7fd52c7f1000-7fd52c7f4000 rw-p 00000000 00:00 0 
7fd52c7f4000-7fd52eff0000 ---p 00000000 00:00 0 
7fd52eff0000-7fd52eff2000 rw-p 00000000 00:00 0 
7fd52eff2000-7fd5303f0000 ---p 00000000 00:00 0 
7fd5303f0000-7fd5303fb000 rw-p 00000000 00:00 0 
7fd5303fb000-7fd5307b1000 ---p 00000000 00:00 0 
7fd5307b1000-7fd530a21000 rwxp 00000000 00:00 0 
7fd530a21000-7fd53f7b1000 ---p 00000000 00:00 0 
7fd53f7b1000-7fd53f7b9000 r-xp 00000000 fd:00 302836785                  /usr/lib/jvm/java-1.8.0-openjdk-1.8.0.71-2.b15.el7_2.x86_64/jre/lib/amd64/libzip.so
7fd53f7b9000-7fd53f9b8000 ---p 00008000 fd:00 302836785                  /usr/lib/jvm/java-1.8.0-openjdk-1.8.0.71-2.b15.el7_2.x86_64/jre/lib/amd64/libzip.so
7fd53f9b8000-7fd53f9b9000 r--p 00007000 fd:00 302836785                  /usr/lib/jvm/java-1.8.0-openjdk-1.8.0.71-2.b15.el7_2.x86_64/jre/lib/amd64/libzip.so
7fd53f9b9000-7fd53f9ba000 rw-p 00008000 fd:00 302836785                  /usr/lib/jvm/java-1.8.0-openjdk-1.8.0.71-2.b15.el7_2.x86_64/jre/lib/amd64/libzip.so
7fd53f9ba000-7fd53f9e7000 r-xp 00000000 fd:00 302836768                  /usr/lib/jvm/java-1.8.0-openjdk-1.8.0.71-2.b15.el7_2.x86_64/jre/lib/amd64/libjava.so
7fd53f9e7000-7fd53fbe6000 ---p 0002d000 fd:00 302836768                  /usr/lib/jvm/java-1.8.0-openjdk-1.8.0.71-2.b15.el7_2.x86_64/jre/lib/amd64/libjava.so
7fd53fbe6000-7fd53fbe7000 r--p 0002c000 fd:00 302836768                  /usr/lib/jvm/java-1.8.0-openjdk-1.8.0.71-2.b15.el7_2.x86_64/jre/lib/amd64/libjava.so
7fd53fbe7000-7fd53fbe9000 rw-p 0002d000 fd:00 302836768                  /usr/lib/jvm/java-1.8.0-openjdk-1.8.0.71-2.b15.el7_2.x86_64/jre/lib/amd64/libjava.so
7fd53fbe9000-7fd53fbf6000 r-xp 00000000 fd:00 302836784                  /usr/lib/jvm/java-1.8.0-openjdk-1.8.0.71-2.b15.el7_2.x86_64/jre/lib/amd64/libverify.so
7fd53fbf6000-7fd53fdf5000 ---p 0000d000 fd:00 302836784                  /usr/lib/jvm/java-1.8.0-openjdk-1.8.0.71-2.b15.el7_2.x86_64/jre/lib/amd64/libverify.so
7fd53fdf5000-7fd53fdf7000 r--p 0000c000 fd:00 302836784                  /usr/lib/jvm/java-1.8.0-openjdk-1.8.0.71-2.b15.el7_2.x86_64/jre/lib/amd64/libverify.so
7fd53fdf7000-7fd53fdf8000 rw-p 0000e000 fd:00 302836784                  /usr/lib/jvm/java-1.8.0-openjdk-1.8.0.71-2.b15.el7_2.x86_64/jre/lib/amd64/libverify.so
7fd53fdf8000-7fd53fdff000 r-xp 00000000 fd:00 134912038                  /usr/lib64/librt-2.17.so
7fd53fdff000-7fd53fffe000 ---p 00007000 fd:00 134912038                  /usr/lib64/librt-2.17.so
7fd53fffe000-7fd53ffff000 r--p 00006000 fd:00 134912038                  /usr/lib64/librt-2.17.so
7fd53ffff000-7fd540000000 rw-p 00007000 fd:00 134912038                  /usr/lib64/librt-2.17.so
7fd540000000-7fd54005d000 rw-p 00000000 00:00 0 
7fd54005d000-7fd544000000 ---p 00000000 00:00 0 
7fd5440ae000-7fd5440af000 ---p 00000000 00:00 0 
7fd5440af000-7fd5441af000 rw-p 00000000 00:00 0                          [stack:20099]
7fd5441af000-7fd5441c4000 r-xp 00000000 fd:00 134218754                  /usr/lib64/libgcc_s-4.8.5-20150702.so.1
7fd5441c4000-7fd5443c3000 ---p 00015000 fd:00 134218754                  /usr/lib64/libgcc_s-4.8.5-20150702.so.1
7fd5443c3000-7fd5443c4000 r--p 00014000 fd:00 134218754                  /usr/lib64/libgcc_s-4.8.5-20150702.so.1
7fd5443c4000-7fd5443c5000 rw-p 00015000 fd:00 134218754                  /usr/lib64/libgcc_s-4.8.5-20150702.so.1
7fd5443c5000-7fd5444c6000 r-xp 00000000 fd:00 134912009                  /usr/lib64/libm-2.17.so
7fd5444c6000-7fd5446c5000 ---p 00101000 fd:00 134912009                  /usr/lib64/libm-2.17.so
7fd5446c5000-7fd5446c6000 r--p 00100000 fd:00 134912009                  /usr/lib64/libm-2.17.so
7fd5446c6000-7fd5446c7000 rw-p 00101000 fd:00 134912009                  /usr/lib64/libm-2.17.so
7fd5446c7000-7fd5447b0000 r-xp 00000000 fd:00 134221888                  /usr/lib64/libstdc++.so.6.0.19
7fd5447b0000-7fd5449b0000 ---p 000e9000 fd:00 134221888                  /usr/lib64/libstdc++.so.6.0.19
7fd5449b0000-7fd5449b9000 r--p 000e9000 fd:00 134221888                  /usr/lib64/libstdc++.so.6.0.19
7fd5449b9000-7fd5449bb000 rw-p 000f2000 fd:00 134221888                  /usr/lib64/libstdc++.so.6.0.19
7fd5449bb000-7fd5449d0000 rw-p 00000000 00:00 0 
7fd5449d0000-7fd5455d4000 r-xp 00000000 fd:00 404451452                  /usr/lib/jvm/java-1.8.0-openjdk-1.8.0.71-2.b15.el7_2.x86_64/jre/lib/amd64/server/libjvm.so
7fd5455d4000-7fd5457d3000 ---p 00c04000 fd:00 404451452                  /usr/lib/jvm/java-1.8.0-openjdk-1.8.0.71-2.b15.el7_2.x86_64/jre/lib/amd64/server/libjvm.so
7fd5457d3000-7fd545872000 r--p 00c03000 fd:00 404451452                  /usr/lib/jvm/java-1.8.0-openjdk-1.8.0.71-2.b15.el7_2.x86_64/jre/lib/amd64/server/libjvm.so
7fd545872000-7fd54589b000 rw-p 00ca2000 fd:00 404451452                  /usr/lib/jvm/java-1.8.0-openjdk-1.8.0.71-2.b15.el7_2.x86_64/jre/lib/amd64/server/libjvm.so
7fd54589b000-7fd5458cb000 rw-p 00000000 00:00 0 
7fd5458cb000-7fd545a81000 r-xp 00000000 fd:00 134320186                  /usr/lib64/libc-2.17.so
7fd545a81000-7fd545c81000 ---p 001b6000 fd:00 134320186                  /usr/lib64/libc-2.17.so
7fd545c81000-7fd545c85000 r--p 001b6000 fd:00 134320186                  /usr/lib64/libc-2.17.so
7fd545c85000-7fd545c87000 rw-p 001ba000 fd:00 134320186                  /usr/lib64/libc-2.17.so
7fd545c87000-7fd545c8c000 rw-p 00000000 00:00 0 
7fd545c8c000-7fd545c8f000 r-xp 00000000 fd:00 134912007                  /usr/lib64/libdl-2.17.so
7fd545c8f000-7fd545e8e000 ---p 00003000 fd:00 134912007                  /usr/lib64/libdl-2.17.so
7fd545e8e000-7fd545e8f000 r--p 00002000 fd:00 134912007                  /usr/lib64/libdl-2.17.so
7fd545e8f000-7fd545e90000 rw-p 00003000 fd:00 134912007                  /usr/lib64/libdl-2.17.so
7fd545e90000-7fd545e9e000 r-xp 00000000 fd:00 336436351                  /usr/lib/jvm/java-1.8.0-openjdk-1.8.0.71-2.b15.el7_2.x86_64/lib/amd64/jli/libjli.so
7fd545e9e000-7fd54609d000 ---p 0000e000 fd:00 336436351                  /usr/lib/jvm/java-1.8.0-openjdk-1.8.0.71-2.b15.el7_2.x86_64/lib/amd64/jli/libjli.so
7fd54609d000-7fd54609e000 r--p 0000d000 fd:00 336436351                  /usr/lib/jvm/java-1.8.0-openjdk-1.8.0.71-2.b15.el7_2.x86_64/lib/amd64/jli/libjli.so
7fd54609e000-7fd54609f000 rw-p 0000e000 fd:00 336436351                  /usr/lib/jvm/java-1.8.0-openjdk-1.8.0.71-2.b15.el7_2.x86_64/lib/amd64/jli/libjli.so
7fd54609f000-7fd5460b4000 r-xp 00000000 fd:00 134221930                  /usr/lib64/libz.so.1.2.7
7fd5460b4000-7fd5462b3000 ---p 00015000 fd:00 134221930                  /usr/lib64/libz.so.1.2.7
7fd5462b3000-7fd5462b4000 r--p 00014000 fd:00 134221930                  /usr/lib64/libz.so.1.2.7
7fd5462b4000-7fd5462b5000 rw-p 00015000 fd:00 134221930                  /usr/lib64/libz.so.1.2.7
7fd5462b5000-7fd5462cb000 r-xp 00000000 fd:00 134912034                  /usr/lib64/libpthread-2.17.so
7fd5462cb000-7fd5464cb000 ---p 00016000 fd:00 134912034                  /usr/lib64/libpthread-2.17.so
7fd5464cb000-7fd5464cc000 r--p 00016000 fd:00 134912034                  /usr/lib64/libpthread-2.17.so
7fd5464cc000-7fd5464cd000 rw-p 00017000 fd:00 134912034                  /usr/lib64/libpthread-2.17.so
7fd5464cd000-7fd5464d1000 rw-p 00000000 00:00 0 
7fd5464d1000-7fd5464f2000 r-xp 00000000 fd:00 134219811                  /usr/lib64/ld-2.17.so
7fd5464ff000-7fd5465d9000 r--s 00000000 fd:03 8416370                    /var/db/nscd/passwd
7fd5465d9000-7fd5465dc000 ---p 00000000 00:00 0 
7fd5465dc000-7fd5466df000 rw-p 00000000 00:00 0                          [stack:20097]
7fd5466e4000-7fd5466e7000 rw-p 00000000 00:00 0 
7fd5466e7000-7fd5466ef000 rw-s 00000000 fd:02 46267809                   /tmp/hsperfdata_s3502921/20095
7fd5466ef000-7fd5466f0000 rw-p 00000000 00:00 0 
7fd5466f0000-7fd5466f1000 r--p 00000000 00:00 0 
7fd5466f1000-7fd5466f2000 rw-p 00000000 00:00 0 
7fd5466f2000-7fd5466f3000 r--p 00021000 fd:00 134219811                  /usr/lib64/ld-2.17.so
7fd5466f3000-7fd5466f4000 rw-p 00022000 fd:00 134219811                  /usr/lib64/ld-2.17.so
7fd5466f4000-7fd5466f5000 rw-p 00000000 00:00 0 
7ffc9bf80000-7ffc9bfa1000 rw-p 00000000 00:00 0                          [stack]
7ffc9bfc6000-7ffc9bfc8000 r-xp 00000000 00:00 0                          [vdso]
ffffffffff600000-ffffffffff601000 r-xp 00000000 00:00 0                  [vsyscall]

VM Arguments:
jvm_args: -Denv.class.path=/usr/lib/oracle/12.1/client64/jlib:/usr/lib/oracle/12.1/client64/rdbms/jlib:. -Dapplication.home=/usr/lib/jvm/java-1.8.0-openjdk-1.8.0.71-2.b15.el7_2.x86_64 -Xms8m 
java_command: com.sun.tools.javac.Main -cp .:jopt-simple-5.0.2.jar:sample.jar AdjList.java AdjMatrix.java DataGenerator.java FriendshipGraph.java GraphTester.java sArray.java
java_class_path (initial): /usr/lib/jvm/java-1.8.0-openjdk-1.8.0.71-2.b15.el7_2.x86_64/lib/tools.jar:/usr/lib/jvm/java-1.8.0-openjdk-1.8.0.71-2.b15.el7_2.x86_64/classes
Launcher Type: SUN_STANDARD

Environment Variables:
JAVA_HOME=/usr/lib/jvm/java-1.8.0-openjdk-1.8.0.71-2.b15.el7_2.x86_64/jre
CLASSPATH=/usr/lib/oracle/12.1/client64/jlib:/usr/lib/oracle/12.1/client64/rdbms/jlib:.
PATH=/usr/lib64/qt-3.3/bin:/usr/local/bin:/usr/bin:/usr/local/sbin:/usr/sbin:/usr/lib/oracle/12.1/client64/bin:/home/sl1/s3502921/bin
SHELL=/bin/bash

Signal Handlers:
SIGSEGV: [libjvm.so+0xa09060], sa_mask[0]=11111111011111111101111111111110, sa_flags=SA_RESTART|SA_SIGINFO
SIGBUS: [libjvm.so+0xa09060], sa_mask[0]=11111111011111111101111111111110, sa_flags=SA_RESTART|SA_SIGINFO
SIGFPE: [libjvm.so+0x867b90], sa_mask[0]=11111111011111111101111111111110, sa_flags=SA_RESTART|SA_SIGINFO
SIGPIPE: [libjvm.so+0x867b90], sa_mask[0]=11111111011111111101111111111110, sa_flags=SA_RESTART|SA_SIGINFO
SIGXFSZ: [libjvm.so+0x867b90], sa_mask[0]=11111111011111111101111111111110, sa_flags=SA_RESTART|SA_SIGINFO
SIGILL: [libjvm.so+0x867b90], sa_mask[0]=11111111011111111101111111111110, sa_flags=SA_RESTART|SA_SIGINFO
SIGUSR1: SIG_DFL, sa_mask[0]=00000000000000000000000000000000, sa_flags=none
SIGUSR2: [libjvm.so+0x867a40], sa_mask[0]=00000000000000000000000000000000, sa_flags=SA_RESTART|SA_SIGINFO
SIGHUP: SIG_DFL, sa_mask[0]=00000000000000000000000000000000, sa_flags=none
SIGINT: SIG_DFL, sa_mask[0]=00000000000000000000000000000000, sa_flags=none
SIGTERM: SIG_DFL, sa_mask[0]=00000000000000000000000000000000, sa_flags=none
SIGQUIT: SIG_DFL, sa_mask[0]=00000000000000000000000000000000, sa_flags=none


---------------  S Y S T E M  ---------------

OS:Red Hat Enterprise Linux Server release 7.2 (Maipo)

uname:Linux 3.10.0-327.10.1.el7.x86_64 #1 SMP Sat Jan 23 04:54:55 EST 2016 x86_64
libc:glibc 2.17 NPTL 2.17 
rlimit: STACK 8192k, CORE 0k, NPROC 64, NOFILE 128, AS infinity
load average:0.45 0.47 0.39

/proc/meminfo:
MemTotal:       792385796 kB
MemFree:        743446048 kB
MemAvailable:   780882344 kB
Buffers:             448 kB
Cached:         30225004 kB
SwapCached:         6932 kB
Active:         15264480 kB
Inactive:       16393640 kB
Active(anon):    4098624 kB
Inactive(anon):  1500004 kB
Active(file):   11165856 kB
Inactive(file): 14893636 kB
Unevictable:           0 kB
Mlocked:               0 kB
SwapTotal:      16777212 kB
SwapFree:       16710548 kB
Dirty:                96 kB
Writeback:             0 kB
AnonPages:       1431896 kB
Mapped:           152200 kB
Shmem:           4165956 kB
Slab:           12205404 kB
SReclaimable:   11714676 kB
SUnreclaim:       490728 kB
KernelStack:       15616 kB
PageTables:        62176 kB
NFS_Unstable:          0 kB
Bounce:                0 kB
WritebackTmp:          0 kB
CommitLimit:    412970108 kB
Committed_AS:    9064560 kB
VmallocTotal:   34359738367 kB
VmallocUsed:     1883336 kB
VmallocChunk:   33948685048 kB
HardwareCorrupted:     0 kB
AnonHugePages:    899072 kB
HugePages_Total:       0
HugePages_Free:        0
HugePages_Rsvd:        0
HugePages_Surp:        0
Hugepagesize:       2048 kB
DirectMap4k:      251564 kB
DirectMap2M:    33267712 kB
DirectMap1G:    771751936 kB


CPU:total 40 (10 cores per cpu, 2 threads per core) family 6 model 62 stepping 4, cmov, cx8, fxsr, mmx, sse, sse2, sse3, ssse3, sse4.1, sse4.2, popcnt, avx, aes, clmul, erms, ht, tsc, tscinvbit

/proc/cpuinfo:
processor	: 0
vendor_id	: GenuineIntel
cpu family	: 6
model		: 62
model name	: Intel(R) Xeon(R) CPU E5-2690 v2 @ 3.00GHz
stepping	: 4
microcode	: 0x428
cpu MHz		: 3000.000
cache size	: 25600 KB
physical id	: 0
siblings	: 20
core id		: 0
cpu cores	: 10
apicid		: 0
initial apicid	: 0
fpu		: yes
fpu_exception	: yes
cpuid level	: 13
wp		: yes
flags		: fpu vme de pse tsc msr pae mce cx8 apic sep mtrr pge mca cmov pat pse36 clflush dts acpi mmx fxsr sse sse2 ss ht tm pbe syscall nx pdpe1gb rdtscp lm constant_tsc arch_perfmon pebs bts rep_good nopl xtopology nonstop_tsc aperfmperf eagerfpu pni pclmulqdq dtes64 monitor ds_cpl vmx smx est tm2 ssse3 cx16 xtpr pdcm pcid dca sse4_1 sse4_2 x2apic popcnt tsc_deadline_timer aes xsave avx f16c rdrand lahf_lm ida arat epb pln pts dtherm tpr_shadow vnmi flexpriority ept vpid fsgsbase smep erms xsaveopt
bogomips	: 5985.41
clflush size	: 64
cache_alignment	: 64
address sizes	: 46 bits physical, 48 bits virtual
power management:

processor	: 1
vendor_id	: GenuineIntel
cpu family	: 6
model		: 62
model name	: Intel(R) Xeon(R) CPU E5-2690 v2 @ 3.00GHz
stepping	: 4
microcode	: 0x428
cpu MHz		: 3000.000
cache size	: 25600 KB
physical id	: 0
siblings	: 20
core id		: 1
cpu cores	: 10
apicid		: 2
initial apicid	: 2
fpu		: yes
fpu_exception	: yes
cpuid level	: 13
wp		: yes
flags		: fpu vme de pse tsc msr pae mce cx8 apic sep mtrr pge mca cmov pat pse36 clflush dts acpi mmx fxsr sse sse2 ss ht tm pbe syscall nx pdpe1gb rdtscp lm constant_tsc arch_perfmon pebs bts rep_good nopl xtopology nonstop_tsc aperfmperf eagerfpu pni pclmulqdq dtes64 monitor ds_cpl vmx smx est tm2 ssse3 cx16 xtpr pdcm pcid dca sse4_1 sse4_2 x2apic popcnt tsc_deadline_timer aes xsave avx f16c rdrand lahf_lm ida arat epb pln pts dtherm tpr_shadow vnmi flexpriority ept vpid fsgsbase smep erms xsaveopt
bogomips	: 5985.41
clflush size	: 64
cache_alignment	: 64
address sizes	: 46 bits physical, 48 bits virtual
power management:

processor	: 2
vendor_id	: GenuineIntel
cpu family	: 6
model		: 62
model name	: Intel(R) Xeon(R) CPU E5-2690 v2 @ 3.00GHz
stepping	: 4
microcode	: 0x428
cpu MHz		: 3000.000
cache size	: 25600 KB
physical id	: 0
siblings	: 20
core id		: 2
cpu cores	: 10
apicid		: 4
initial apicid	: 4
fpu		: yes
fpu_exception	: yes
cpuid level	: 13
wp		: yes
flags		: fpu vme de pse tsc msr pae mce cx8 apic sep mtrr pge mca cmov pat pse36 clflush dts acpi mmx fxsr sse sse2 ss ht tm pbe syscall nx pdpe1gb rdtscp lm constant_tsc arch_perfmon pebs bts rep_good nopl xtopology nonstop_tsc aperfmperf eagerfpu pni pclmulqdq dtes64 monitor ds_cpl vmx smx est tm2 ssse3 cx16 xtpr pdcm pcid dca sse4_1 sse4_2 x2apic popcnt tsc_deadline_timer aes xsave avx f16c rdrand lahf_lm ida arat epb pln pts dtherm tpr_shadow vnmi flexpriority ept vpid fsgsbase smep erms xsaveopt
bogomips	: 5985.41
clflush size	: 64
cache_alignment	: 64
address sizes	: 46 bits physical, 48 bits virtual
power management:

processor	: 3
vendor_id	: GenuineIntel
cpu family	: 6
model		: 62
model name	: Intel(R) Xeon(R) CPU E5-2690 v2 @ 3.00GHz
stepping	: 4
microcode	: 0x428
cpu MHz		: 3000.000
cache size	: 25600 KB
physical id	: 0
siblings	: 20
core id		: 3
cpu cores	: 10
apicid		: 6
initial apicid	: 6
fpu		: yes
fpu_exception	: yes
cpuid level	: 13
wp		: yes
flags		: fpu vme de pse tsc msr pae mce cx8 apic sep mtrr pge mca cmov pat pse36 clflush dts acpi mmx fxsr sse sse2 ss ht tm pbe syscall nx pdpe1gb rdtscp lm constant_tsc arch_perfmon pebs bts rep_good nopl xtopology nonstop_tsc aperfmperf eagerfpu pni pclmulqdq dtes64 monitor ds_cpl vmx smx est tm2 ssse3 cx16 xtpr pdcm pcid dca sse4_1 sse4_2 x2apic popcnt tsc_deadline_timer aes xsave avx f16c rdrand lahf_lm ida arat epb pln pts dtherm tpr_shadow vnmi flexpriority ept vpid fsgsbase smep erms xsaveopt
bogomips	: 5985.41
clflush size	: 64
cache_alignment	: 64
address sizes	: 46 bits physical, 48 bits virtual
power management:

processor	: 4
vendor_id	: GenuineIntel
cpu family	: 6
model		: 62
model name	: Intel(R) Xeon(R) CPU E5-2690 v2 @ 3.00GHz
stepping	: 4
microcode	: 0x428
cpu MHz		: 3000.000
cache size	: 25600 KB
physical id	: 0
siblings	: 20
core id		: 4
cpu cores	: 10
apicid		: 8
initial apicid	: 8
fpu		: yes
fpu_exception	: yes
cpuid level	: 13
wp		: yes
flags		: fpu vme de pse tsc msr pae mce cx8 apic sep mtrr pge mca cmov pat pse36 clflush dts acpi mmx fxsr sse sse2 ss ht tm pbe syscall nx pdpe1gb rdtscp lm constant_tsc arch_perfmon pebs bts rep_good nopl xtopology nonstop_tsc aperfmperf eagerfpu pni pclmulqdq dtes64 monitor ds_cpl vmx smx est tm2 ssse3 cx16 xtpr pdcm pcid dca sse4_1 sse4_2 x2apic popcnt tsc_deadline_timer aes xsave avx f16c rdrand lahf_lm ida arat epb pln pts dtherm tpr_shadow vnmi flexpriority ept vpid fsgsbase smep erms xsaveopt
bogomips	: 5985.41
clflush size	: 64
cache_alignment	: 64
address sizes	: 46 bits physical, 48 bits virtual
power management:

processor	: 5
vendor_id	: GenuineIntel
cpu family	: 6
model		: 62
model name	: Intel(R) Xeon(R) CPU E5-2690 v2 @ 3.00GHz
stepping	: 4
microcode	: 0x428
cpu MHz		: 3000.000
cache size	: 25600 KB
physical id	: 0
siblings	: 20
core id		: 8
cpu cores	: 10
apicid		: 16
initial apicid	: 16
fpu		: yes
fpu_exception	: yes
cpuid level	: 13
wp		: yes
flags		: fpu vme de pse tsc msr pae mce cx8 apic sep mtrr pge mca cmov pat pse36 clflush dts acpi mmx fxsr sse sse2 ss ht tm pbe syscall nx pdpe1gb rdtscp lm constant_tsc arch_perfmon pebs bts rep_good nopl xtopology nonstop_tsc aperfmperf eagerfpu pni pclmulqdq dtes64 monitor ds_cpl vmx smx est tm2 ssse3 cx16 xtpr pdcm pcid dca sse4_1 sse4_2 x2apic popcnt tsc_deadline_timer aes xsave avx f16c rdrand lahf_lm ida arat epb pln pts dtherm tpr_shadow vnmi flexpriority ept vpid fsgsbase smep erms xsaveopt
bogomips	: 5985.41
clflush size	: 64
cache_alignment	: 64
address sizes	: 46 bits physical, 48 bits virtual
power management:

processor	: 6
vendor_id	: GenuineIntel
cpu family	: 6
model		: 62
model name	: Intel(R) Xeon(R) CPU E5-2690 v2 @ 3.00GHz
stepping	: 4
microcode	: 0x428
cpu MHz		: 3000.000
cache size	: 25600 KB
physical id	: 0
siblings	: 20
core id		: 9
cpu cores	: 10
apicid		: 18
initial apicid	: 18
fpu		: yes
fpu_exception	: yes
cpuid level	: 13
wp		: yes
flags		: fpu vme de pse tsc msr pae mce cx8 apic sep mtrr pge mca cmov pat pse36 clflush dts acpi mmx fxsr sse sse2 ss ht tm pbe syscall nx pdpe1gb rdtscp lm constant_tsc arch_perfmon pebs bts rep_good nopl xtopology nonstop_tsc aperfmperf eagerfpu pni pclmulqdq dtes64 monitor ds_cpl vmx smx est tm2 ssse3 cx16 xtpr pdcm pcid dca sse4_1 sse4_2 x2apic popcnt tsc_deadline_timer aes xsave avx f16c rdrand lahf_lm ida arat epb pln pts dtherm tpr_shadow vnmi flexpriority ept vpid fsgsbase smep erms xsaveopt
bogomips	: 5985.41
clflush size	: 64
cache_alignment	: 64
address sizes	: 46 bits physical, 48 bits virtual
power management:

processor	: 7
vendor_id	: GenuineIntel
cpu family	: 6
model		: 62
model name	: Intel(R) Xeon(R) CPU E5-2690 v2 @ 3.00GHz
stepping	: 4
microcode	: 0x428
cpu MHz		: 3000.000
cache size	: 25600 KB
physical id	: 0
siblings	: 20
core id		: 10
cpu cores	: 10
apicid		: 20
initial apicid	: 20
fpu		: yes
fpu_exception	: yes
cpuid level	: 13
wp		: yes
flags		: fpu vme de pse tsc msr pae mce cx8 apic sep mtrr pge mca cmov pat pse36 clflush dts acpi mmx fxsr sse sse2 ss ht tm pbe syscall nx pdpe1gb rdtscp lm constant_tsc arch_perfmon pebs bts rep_good nopl xtopology nonstop_tsc aperfmperf eagerfpu pni pclmulqdq dtes64 monitor ds_cpl vmx smx est tm2 ssse3 cx16 xtpr pdcm pcid dca sse4_1 sse4_2 x2apic popcnt tsc_deadline_timer aes xsave avx f16c rdrand lahf_lm ida arat epb pln pts dtherm tpr_shadow vnmi flexpriority ept vpid fsgsbase smep erms xsaveopt
bogomips	: 5985.41
clflush size	: 64
cache_alignment	: 64
address sizes	: 46 bits physical, 48 bits virtual
power management:

processor	: 8
vendor_id	: GenuineIntel
cpu family	: 6
model		: 62
model name	: Intel(R) Xeon(R) CPU E5-2690 v2 @ 3.00GHz
stepping	: 4
microcode	: 0x428
cpu MHz		: 3000.000
cache size	: 25600 KB
physical id	: 0
siblings	: 20
core id		: 11
cpu cores	: 10
apicid		: 22
initial apicid	: 22
fpu		: yes
fpu_exception	: yes
cpuid level	: 13
wp		: yes
flags		: fpu vme de pse tsc msr pae mce cx8 apic sep mtrr pge mca cmov pat pse36 clflush dts acpi mmx fxsr sse sse2 ss ht tm pbe syscall nx pdpe1gb rdtscp lm constant_tsc arch_perfmon pebs bts rep_good nopl xtopology nonstop_tsc aperfmperf eagerfpu pni pclmulqdq dtes64 monitor ds_cpl vmx smx est tm2 ssse3 cx16 xtpr pdcm pcid dca sse4_1 sse4_2 x2apic popcnt tsc_deadline_timer aes xsave avx f16c rdrand lahf_lm ida arat epb pln pts dtherm tpr_shadow vnmi flexpriority ept vpid fsgsbase smep erms xsaveopt
bogomips	: 5985.41
clflush size	: 64
cache_alignment	: 64
address sizes	: 46 bits physical, 48 bits virtual
power management:

processor	: 9
vendor_id	: GenuineIntel
cpu family	: 6
model		: 62
model name	: Intel(R) Xeon(R) CPU E5-2690 v2 @ 3.00GHz
stepping	: 4
microcode	: 0x428
cpu MHz		: 3000.000
cache size	: 25600 KB
physical id	: 0
siblings	: 20
core id		: 12
cpu cores	: 10
apicid		: 24
initial apicid	: 24
fpu		: yes
fpu_exception	: yes
cpuid level	: 13
wp		: yes
flags		: fpu vme de pse tsc msr pae mce cx8 apic sep mtrr pge mca cmov pat pse36 clflush dts acpi mmx fxsr sse sse2 ss ht tm pbe syscall nx pdpe1gb rdtscp lm constant_tsc arch_perfmon pebs bts rep_good nopl xtopology nonstop_tsc aperfmperf eagerfpu pni pclmulqdq dtes64 monitor ds_cpl vmx smx est tm2 ssse3 cx16 xtpr pdcm pcid dca sse4_1 sse4_2 x2apic popcnt tsc_deadline_timer aes xsave avx f16c rdrand lahf_lm ida arat epb pln pts dtherm tpr_shadow vnmi flexpriority ept vpid fsgsbase smep erms xsaveopt
bogomips	: 5985.41
clflush size	: 64
cache_alignment	: 64
address sizes	: 46 bits physical, 48 bits virtual
power management:

processor	: 10
vendor_id	: GenuineIntel
cpu family	: 6
model		: 62
model name	: Intel(R) Xeon(R) CPU E5-2690 v2 @ 3.00GHz
stepping	: 4
microcode	: 0x428
cpu MHz		: 3000.000
cache size	: 25600 KB
physical id	: 1
siblings	: 20
core id		: 0
cpu cores	: 10
apicid		: 32
initial apicid	: 32
fpu		: yes
fpu_exception	: yes
cpuid level	: 13
wp		: yes
flags		: fpu vme de pse tsc msr pae mce cx8 apic sep mtrr pge mca cmov pat pse36 clflush dts acpi mmx fxsr sse sse2 ss ht tm pbe syscall nx pdpe1gb rdtscp lm constant_tsc arch_perfmon pebs bts rep_good nopl xtopology nonstop_tsc aperfmperf eagerfpu pni pclmulqdq dtes64 monitor ds_cpl vmx smx est tm2 ssse3 cx16 xtpr pdcm pcid dca sse4_1 sse4_2 x2apic popcnt tsc_deadline_timer aes xsave avx f16c rdrand lahf_lm ida arat epb pln pts dtherm tpr_shadow vnmi flexpriority ept vpid fsgsbase smep erms xsaveopt
bogomips	: 5991.53
clflush size	: 64
cache_alignment	: 64
address sizes	: 46 bits physical, 48 bits virtual
power management:

processor	: 11
vendor_id	: GenuineIntel
cpu family	: 6
model		: 62
model name	: Intel(R) Xeon(R) CPU E5-2690 v2 @ 3.00GHz
stepping	: 4
microcode	: 0x428
cpu MHz		: 3000.000
cache size	: 25600 KB
physical id	: 1
siblings	: 20
core id		: 1
cpu cores	: 10
apicid		: 34
initial apicid	: 34
fpu		: yes
fpu_exception	: yes
cpuid level	: 13
wp		: yes
flags		: fpu vme de pse tsc msr pae mce cx8 apic sep mtrr pge mca cmov pat pse36 clflush dts acpi mmx fxsr sse sse2 ss ht tm pbe syscall nx pdpe1gb rdtscp lm constant_tsc arch_perfmon pebs bts rep_good nopl xtopology nonstop_tsc aperfmperf eagerfpu pni pclmulqdq dtes64 monitor ds_cpl vmx smx est tm2 ssse3 cx16 xtpr pdcm pcid dca sse4_1 sse4_2 x2apic popcnt tsc_deadline_timer aes xsave avx f16c rdrand lahf_lm ida arat epb pln pts dtherm tpr_shadow vnmi flexpriority ept vpid fsgsbase smep erms xsaveopt
bogomips	: 5991.53
clflush size	: 64
cache_alignment	: 64
address sizes	: 46 bits physical, 48 bits virtual
power management:

processor	: 12
vendor_id	: GenuineIntel
cpu family	: 6
model		: 62
model name	: Intel(R) Xeon(R) CPU E5-2690 v2 @ 3.00GHz
stepping	: 4
microcode	: 0x428
cpu MHz		: 3000.000
cache size	: 25600 KB
physical id	: 1
siblings	: 20
core id		: 2
cpu cores	: 10
apicid		: 36
initial apicid	: 36
fpu		: yes
fpu_exception	: yes
cpuid level	: 13
wp		: yes
flags		: fpu vme de pse tsc msr pae mce cx8 apic sep mtrr pge mca cmov pat pse36 clflush dts acpi mmx fxsr sse sse2 ss ht tm pbe syscall nx pdpe1gb rdtscp lm constant_tsc arch_perfmon pebs bts rep_good nopl xtopology nonstop_tsc aperfmperf eagerfpu pni pclmulqdq dtes64 monitor ds_cpl vmx smx est tm2 ssse3 cx16 xtpr pdcm pcid dca sse4_1 sse4_2 x2apic popcnt tsc_deadline_timer aes xsave avx f16c rdrand lahf_lm ida arat epb pln pts dtherm tpr_shadow vnmi flexpriority ept vpid fsgsbase smep erms xsaveopt
bogomips	: 5991.53
clflush size	: 64
cache_alignment	: 64
address sizes	: 46 bits physical, 48 bits virtual
power management:

processor	: 13
vendor_id	: GenuineIntel
cpu family	: 6
model		: 62
model name	: Intel(R) Xeon(R) CPU E5-2690 v2 @ 3.00GHz
stepping	: 4
microcode	: 0x428
cpu MHz		: 3000.000
cache size	: 25600 KB
physical id	: 1
siblings	: 20
core id		: 3
cpu cores	: 10
apicid		: 38
initial apicid	: 38
fpu		: yes
fpu_exception	: yes
cpuid level	: 13
wp		: yes
flags		: fpu vme de pse tsc msr pae mce cx8 apic sep mtrr pge mca cmov pat pse36 clflush dts acpi mmx fxsr sse sse2 ss ht tm pbe syscall nx pdpe1gb rdtscp lm constant_tsc arch_perfmon pebs bts rep_good nopl xtopology nonstop_tsc aperfmperf eagerfpu pni pclmulqdq dtes64 monitor ds_cpl vmx smx est tm2 ssse3 cx16 xtpr pdcm pcid dca sse4_1 sse4_2 x2apic popcnt tsc_deadline_timer aes xsave avx f16c rdrand lahf_lm ida arat epb pln pts dtherm tpr_shadow vnmi flexpriority ept vpid fsgsbase smep erms xsaveopt
bogomips	: 5991.53
clflush size	: 64
cache_alignment	: 64
address sizes	: 46 bits physical, 48 bits virtual
power management:

processor	: 14
vendor_id	: GenuineIntel
cpu family	: 6
model		: 62
model name	: Intel(R) Xeon(R) CPU E5-2690 v2 @ 3.00GHz
stepping	: 4
microcode	: 0x428
cpu MHz		: 3000.000
cache size	: 25600 KB
physical id	: 1
siblings	: 20
core id		: 4
cpu cores	: 10
apicid		: 40
initial apicid	: 40
fpu		: yes
fpu_exception	: yes
cpuid level	: 13
wp		: yes
flags		: fpu vme de pse tsc msr pae mce cx8 apic sep mtrr pge mca cmov pat pse36 clflush dts acpi mmx fxsr sse sse2 ss ht tm pbe syscall nx pdpe1gb rdtscp lm constant_tsc arch_perfmon pebs bts rep_good nopl xtopology nonstop_tsc aperfmperf eagerfpu pni pclmulqdq dtes64 monitor ds_cpl vmx smx est tm2 ssse3 cx16 xtpr pdcm pcid dca sse4_1 sse4_2 x2apic popcnt tsc_deadline_timer aes xsave avx f16c rdrand lahf_lm ida arat epb pln pts dtherm tpr_shadow vnmi flexpriority ept vpid fsgsbase smep erms xsaveopt
bogomips	: 5991.53
clflush size	: 64
cache_alignment	: 64
address sizes	: 46 bits physical, 48 bits virtual
power management:

processor	: 15
vendor_id	: GenuineIntel
cpu family	: 6
model		: 62
model name	: Intel(R) Xeon(R) CPU E5-2690 v2 @ 3.00GHz
stepping	: 4
microcode	: 0x428
cpu MHz		: 3000.000
cache size	: 25600 KB
physical id	: 1
siblings	: 20
core id		: 8
cpu cores	: 10
apicid		: 48
initial apicid	: 48
fpu		: yes
fpu_exception	: yes
cpuid level	: 13
wp		: yes
flags		: fpu vme de pse tsc msr pae mce cx8 apic sep mtrr pge mca cmov pat pse36 clflush dts acpi mmx fxsr sse sse2 ss ht tm pbe syscall nx pdpe1gb rdtscp lm constant_tsc arch_perfmon pebs bts rep_good nopl xtopology nonstop_tsc aperfmperf eagerfpu pni pclmulqdq dtes64 monitor ds_cpl vmx smx est tm2 ssse3 cx16 xtpr pdcm pcid dca sse4_1 sse4_2 x2apic popcnt tsc_deadline_timer aes xsave avx f16c rdrand lahf_lm ida arat epb pln pts dtherm tpr_shadow vnmi flexpriority ept vpid fsgsbase smep erms xsaveopt
bogomips	: 5991.53
clflush size	: 64
cache_alignment	: 64
address sizes	: 46 bits physical, 48 bits virtual
power management:

processor	: 16
vendor_id	: GenuineIntel
cpu family	: 6
model		: 62
model name	: Intel(R) Xeon(R) CPU E5-2690 v2 @ 3.00GHz
stepping	: 4
microcode	: 0x428
cpu MHz		: 3000.000
cache size	: 25600 KB
physical id	: 1
siblings	: 20
core id		: 9
cpu cores	: 10
apicid		: 50
initial apicid	: 50
fpu		: yes
fpu_exception	: yes
cpuid level	: 13
wp		: yes
flags		: fpu vme de pse tsc msr pae mce cx8 apic sep mtrr pge mca cmov pat pse36 clflush dts acpi mmx fxsr sse sse2 ss ht tm pbe syscall nx pdpe1gb rdtscp lm constant_tsc arch_perfmon pebs bts rep_good nopl xtopology nonstop_tsc aperfmperf eagerfpu pni pclmulqdq dtes64 monitor ds_cpl vmx smx est tm2 ssse3 cx16 xtpr pdcm pcid dca sse4_1 sse4_2 x2apic popcnt tsc_deadline_timer aes xsave avx f16c rdrand lahf_lm ida arat epb pln pts dtherm tpr_shadow vnmi flexpriority ept vpid fsgsbase smep erms xsaveopt
bogomips	: 5991.53
clflush size	: 64
cache_alignment	: 64
address sizes	: 46 bits physical, 48 bits virtual
power management:

processor	: 17
vendor_id	: GenuineIntel
cpu family	: 6
model		: 62
model name	: Intel(R) Xeon(R) CPU E5-2690 v2 @ 3.00GHz
stepping	: 4
microcode	: 0x428
cpu MHz		: 3000.000
cache size	: 25600 KB
physical id	: 1
siblings	: 20
core id		: 10
cpu cores	: 10
apicid		: 52
initial apicid	: 52
fpu		: yes
fpu_exception	: yes
cpuid level	: 13
wp		: yes
flags		: fpu vme de pse tsc msr pae mce cx8 apic sep mtrr pge mca cmov pat pse36 clflush dts acpi mmx fxsr sse sse2 ss ht tm pbe syscall nx pdpe1gb rdtscp lm constant_tsc arch_perfmon pebs bts rep_good nopl xtopology nonstop_tsc aperfmperf eagerfpu pni pclmulqdq dtes64 monitor ds_cpl vmx smx est tm2 ssse3 cx16 xtpr pdcm pcid dca sse4_1 sse4_2 x2apic popcnt tsc_deadline_timer aes xsave avx f16c rdrand lahf_lm ida arat epb pln pts dtherm tpr_shadow vnmi flexpriority ept vpid fsgsbase smep erms xsaveopt
bogomips	: 5991.53
clflush size	: 64
cache_alignment	: 64
address sizes	: 46 bits physical, 48 bits virtual
power management:

processor	: 18
vendor_id	: GenuineIntel
cpu family	: 6
model		: 62
model name	: Intel(R) Xeon(R) CPU E5-2690 v2 @ 3.00GHz
stepping	: 4
microcode	: 0x428
cpu MHz		: 3000.000
cache size	: 25600 KB
physical id	: 1
siblings	: 20
core id		: 11
cpu cores	: 10
apicid		: 54
initial apicid	: 54
fpu		: yes
fpu_exception	: yes
cpuid level	: 13
wp		: yes
flags		: fpu vme de pse tsc msr pae mce cx8 apic sep mtrr pge mca cmov pat pse36 clflush dts acpi mmx fxsr sse sse2 ss ht tm pbe syscall nx pdpe1gb rdtscp lm constant_tsc arch_perfmon pebs bts rep_good nopl xtopology nonstop_tsc aperfmperf eagerfpu pni pclmulqdq dtes64 monitor ds_cpl vmx smx est tm2 ssse3 cx16 xtpr pdcm pcid dca sse4_1 sse4_2 x2apic popcnt tsc_deadline_timer aes xsave avx f16c rdrand lahf_lm ida arat epb pln pts dtherm tpr_shadow vnmi flexpriority ept vpid fsgsbase smep erms xsaveopt
bogomips	: 5991.53
clflush size	: 64
cache_alignment	: 64
address sizes	: 46 bits physical, 48 bits virtual
power management:

processor	: 19
vendor_id	: GenuineIntel
cpu family	: 6
model		: 62
model name	: Intel(R) Xeon(R) CPU E5-2690 v2 @ 3.00GHz
stepping	: 4
microcode	: 0x428
cpu MHz		: 3000.000
cache size	: 25600 KB
physical id	: 1
siblings	: 20
core id		: 12
cpu cores	: 10
apicid		: 56
initial apicid	: 56
fpu		: yes
fpu_exception	: yes
cpuid level	: 13
wp		: yes
flags		: fpu vme de pse tsc msr pae mce cx8 apic sep mtrr pge mca cmov pat pse36 clflush dts acpi mmx fxsr sse sse2 ss ht tm pbe syscall nx pdpe1gb rdtscp lm constant_tsc arch_perfmon pebs bts rep_good nopl xtopology nonstop_tsc aperfmperf eagerfpu pni pclmulqdq dtes64 monitor ds_cpl vmx smx est tm2 ssse3 cx16 xtpr pdcm pcid dca sse4_1 sse4_2 x2apic popcnt tsc_deadline_timer aes xsave avx f16c rdrand lahf_lm ida arat epb pln pts dtherm tpr_shadow vnmi flexpriority ept vpid fsgsbase smep erms xsaveopt
bogomips	: 5991.53
clflush size	: 64
cache_alignment	: 64
address sizes	: 46 bits physical, 48 bits virtual
power management:

processor	: 20
vendor_id	: GenuineIntel
cpu family	: 6
model		: 62
model name	: Intel(R) Xeon(R) CPU E5-2690 v2 @ 3.00GHz
stepping	: 4
microcode	: 0x428
cpu MHz		: 3000.000
cache size	: 25600 KB
physical id	: 0
siblings	: 20
core id		: 0
cpu cores	: 10
apicid		: 1
initial apicid	: 1
fpu		: yes
fpu_exception	: yes
cpuid level	: 13
wp		: yes
flags		: fpu vme de pse tsc msr pae mce cx8 apic sep mtrr pge mca cmov pat pse36 clflush dts acpi mmx fxsr sse sse2 ss ht tm pbe syscall nx pdpe1gb rdtscp lm constant_tsc arch_perfmon pebs bts rep_good nopl xtopology nonstop_tsc aperfmperf eagerfpu pni pclmulqdq dtes64 monitor ds_cpl vmx smx est tm2 ssse3 cx16 xtpr pdcm pcid dca sse4_1 sse4_2 x2apic popcnt tsc_deadline_timer aes xsave avx f16c rdrand lahf_lm ida arat epb pln pts dtherm tpr_shadow vnmi flexpriority ept vpid fsgsbase smep erms xsaveopt
bogomips	: 5985.41
clflush size	: 64
cache_alignment	: 64
address sizes	: 46 bits physical, 48 bits virtual
power management:

processor	: 21
vendor_id	: GenuineIntel
cpu family	: 6
model		: 62
model name	: Intel(R) Xeon(R) CPU E5-2690 v2 @ 3.00GHz
stepping	: 4
microcode	: 0x428
cpu MHz		: 3000.000
cache size	: 25600 KB
physical id	: 0
siblings	: 20
core id		: 1
cpu cores	: 10
apicid		: 3
initial apicid	: 3
fpu		: yes
fpu_exception	: yes
cpuid level	: 13
wp		: yes
flags		: fpu vme de pse tsc msr pae mce cx8 apic sep mtrr pge mca cmov pat pse36 clflush dts acpi mmx fxsr sse sse2 ss ht tm pbe syscall nx pdpe1gb rdtscp lm constant_tsc arch_perfmon pebs bts rep_good nopl xtopology nonstop_tsc aperfmperf eagerfpu pni pclmulqdq dtes64 monitor ds_cpl vmx smx est tm2 ssse3 cx16 xtpr pdcm pcid dca sse4_1 sse4_2 x2apic popcnt tsc_deadline_timer aes xsave avx f16c rdrand lahf_lm ida arat epb pln pts dtherm tpr_shadow vnmi flexpriority ept vpid fsgsbase smep erms xsaveopt
bogomips	: 5985.41
clflush size	: 64
cache_alignment	: 64
address sizes	: 46 bits physical, 48 bits virtual
power management:

processor	: 22
vendor_id	: GenuineIntel
cpu family	: 6
model		: 62
model name	: Intel(R) Xeon(R) CPU E5-2690 v2 @ 3.00GHz
stepping	: 4
microcode	: 0x428
cpu MHz		: 3000.000
cache size	: 25600 KB
physical id	: 0
siblings	: 20
core id		: 2
cpu cores	: 10
apicid		: 5
initial apicid	: 5
fpu		: yes
fpu_exception	: yes
cpuid level	: 13
wp		: yes
flags		: fpu vme de pse tsc msr pae mce cx8 apic sep mtrr pge mca cmov pat pse36 clflush dts acpi mmx fxsr sse sse2 ss ht tm pbe syscall nx pdpe1gb rdtscp lm constant_tsc arch_perfmon pebs bts rep_good nopl xtopology nonstop_tsc aperfmperf eagerfpu pni pclmulqdq dtes64 monitor ds_cpl vmx smx est tm2 ssse3 cx16 xtpr pdcm pcid dca sse4_1 sse4_2 x2apic popcnt tsc_deadline_timer aes xsave avx f16c rdrand lahf_lm ida arat epb pln pts dtherm tpr_shadow vnmi flexpriority ept vpid fsgsbase smep erms xsaveopt
bogomips	: 5985.41
clflush size	: 64
cache_alignment	: 64
address sizes	: 46 bits physical, 48 bits virtual
power management:

processor	: 23
vendor_id	: GenuineIntel
cpu family	: 6
model		: 62
model name	: Intel(R) Xeon(R) CPU E5-2690 v2 @ 3.00GHz
stepping	: 4
microcode	: 0x428
cpu MHz		: 3000.000
cache size	: 25600 KB
physical id	: 0
siblings	: 20
core id		: 3
cpu cores	: 10
apicid		: 7
initial apicid	: 7
fpu		: yes
fpu_exception	: yes
cpuid level	: 13
wp		: yes
flags		: fpu vme de pse tsc msr pae mce cx8 apic sep mtrr pge mca cmov pat pse36 clflush dts acpi mmx fxsr sse sse2 ss ht tm pbe syscall nx pdpe1gb rdtscp lm constant_tsc arch_perfmon pebs bts rep_good nopl xtopology nonstop_tsc aperfmperf eagerfpu pni pclmulqdq dtes64 monitor ds_cpl vmx smx est tm2 ssse3 cx16 xtpr pdcm pcid dca sse4_1 sse4_2 x2apic popcnt tsc_deadline_timer aes xsave avx f16c rdrand lahf_lm ida arat epb pln pts dtherm tpr_shadow vnmi flexpriority ept vpid fsgsbase smep erms xsaveopt
bogomips	: 5985.41
clflush size	: 64
cache_alignment	: 64
address sizes	: 46 bits physical, 48 bits virtual
power management:

processor	: 24
vendor_id	: GenuineIntel
cpu family	: 6
model		: 62
model name	: Intel(R) Xeon(R) CPU E5-2690 v2 @ 3.00GHz
stepping	: 4
microcode	: 0x428
cpu MHz		: 3000.000
cache size	: 25600 KB
physical id	: 0
siblings	: 20
core id		: 4
cpu cores	: 10
apicid		: 9
initial apicid	: 9
fpu		: yes
fpu_exception	: yes
cpuid level	: 13
wp		: yes
flags		: fpu vme de pse tsc msr pae mce cx8 apic sep mtrr pge mca cmov pat pse36 clflush dts acpi mmx fxsr sse sse2 ss ht tm pbe syscall nx pdpe1gb rdtscp lm constant_tsc arch_perfmon pebs bts rep_good nopl xtopology nonstop_tsc aperfmperf eagerfpu pni pclmulqdq dtes64 monitor ds_cpl vmx smx est tm2 ssse3 cx16 xtpr pdcm pcid dca sse4_1 sse4_2 x2apic popcnt tsc_deadline_timer aes xsave avx f16c rdrand lahf_lm ida arat epb pln pts dtherm tpr_shadow vnmi flexpriority ept vpid fsgsbase smep erms xsaveopt
bogomips	: 5985.41
clflush size	: 64
cache_alignment	: 64
address sizes	: 46 bits physical, 48 bits virtual
power management:

processor	: 25
vendor_id	: GenuineIntel
cpu family	: 6
model		: 62
model name	: Intel(R) Xeon(R) CPU E5-2690 v2 @ 3.00GHz
stepping	: 4
microcode	: 0x428
cpu MHz		: 3000.000
cache size	: 25600 KB
physical id	: 0
siblings	: 20
core id		: 8
cpu cores	: 10
apicid		: 17
initial apicid	: 17
fpu		: yes
fpu_exception	: yes
cpuid level	: 13
wp		: yes
flags		: fpu vme de pse tsc msr pae mce cx8 apic sep mtrr pge mca cmov pat pse36 clflush dts acpi mmx fxsr sse sse2 ss ht tm pbe syscall nx pdpe1gb rdtscp lm constant_tsc arch_perfmon pebs bts rep_good nopl xtopology nonstop_tsc aperfmperf eagerfpu pni pclmulqdq dtes64 monitor ds_cpl vmx smx est tm2 ssse3 cx16 xtpr pdcm pcid dca sse4_1 sse4_2 x2apic popcnt tsc_deadline_timer aes xsave avx f16c rdrand lahf_lm ida arat epb pln pts dtherm tpr_shadow vnmi flexpriority ept vpid fsgsbase smep erms xsaveopt
bogomips	: 5985.41
clflush size	: 64
cache_alignment	: 64
address sizes	: 46 bits physical, 48 bits virtual
power management:

processor	: 26
vendor_id	: GenuineIntel
cpu family	: 6
model		: 62
model name	: Intel(R) Xeon(R) CPU E5-2690 v2 @ 3.00GHz
stepping	: 4
microcode	: 0x428
cpu MHz		: 3000.000
cache size	: 25600 KB
physical id	: 0
siblings	: 20
core id		: 9
cpu cores	: 10
apicid		: 19
initial apicid	: 19
fpu		: yes
fpu_exception	: yes
cpuid level	: 13
wp		: yes
flags		: fpu vme de pse tsc msr pae mce cx8 apic sep mtrr pge mca cmov pat pse36 clflush dts acpi mmx fxsr sse sse2 ss ht tm pbe syscall nx pdpe1gb rdtscp lm constant_tsc arch_perfmon pebs bts rep_good nopl xtopology nonstop_tsc aperfmperf eagerfpu pni pclmulqdq dtes64 monitor ds_cpl vmx smx est tm2 ssse3 cx16 xtpr pdcm pcid dca sse4_1 sse4_2 x2apic popcnt tsc_deadline_timer aes xsave avx f16c rdrand lahf_lm ida arat epb pln pts dtherm tpr_shadow vnmi flexpriority ept vpid fsgsbase smep erms xsaveopt
bogomips	: 5985.41
clflush size	: 64
cache_alignment	: 64
address sizes	: 46 bits physical, 48 bits virtual
power management:

processor	: 27
vendor_id	: GenuineIntel
cpu family	: 6
model		: 62
model name	: Intel(R) Xeon(R) CPU E5-2690 v2 @ 3.00GHz
stepping	: 4
microcode	: 0x428
cpu MHz		: 3000.000
cache size	: 25600 KB
physical id	: 0
siblings	: 20
core id		: 10
cpu cores	: 10
apicid		: 21
initial apicid	: 21
fpu		: yes
fpu_exception	: yes
cpuid level	: 13
wp		: yes
flags		: fpu vme de pse tsc msr pae mce cx8 apic sep mtrr pge mca cmov pat pse36 clflush dts acpi mmx fxsr sse sse2 ss ht tm pbe syscall nx pdpe1gb rdtscp lm constant_tsc arch_perfmon pebs bts rep_good nopl xtopology nonstop_tsc aperfmperf eagerfpu pni pclmulqdq dtes64 monitor ds_cpl vmx smx est tm2 ssse3 cx16 xtpr pdcm pcid dca sse4_1 sse4_2 x2apic popcnt tsc_deadline_timer aes xsave avx f16c rdrand lahf_lm ida arat epb pln pts dtherm tpr_shadow vnmi flexpriority ept vpid fsgsbase smep erms xsaveopt
bogomips	: 5985.41
clflush size	: 64
cache_alignment	: 64
address sizes	: 46 bits physical, 48 bits virtual
power management:

processor	: 28
vendor_id	: GenuineIntel
cpu family	: 6
model		: 62
model name	: Intel(R) Xeon(R) CPU E5-2690 v2 @ 3.00GHz
stepping	: 4
microcode	: 0x428
cpu MHz		: 3000.000
cache size	: 25600 KB
physical id	: 0
siblings	: 20
core id		: 11
cpu cores	: 10
apicid		: 23
initial apicid	: 23
fpu		: yes
fpu_exception	: yes
cpuid level	: 13
wp		: yes
flags		: fpu vme de pse tsc msr pae mce cx8 apic sep mtrr pge mca cmov pat pse36 clflush dts acpi mmx fxsr sse sse2 ss ht tm pbe syscall nx pdpe1gb rdtscp lm constant_tsc arch_perfmon pebs bts rep_good nopl xtopology nonstop_tsc aperfmperf eagerfpu pni pclmulqdq dtes64 monitor ds_cpl vmx smx est tm2 ssse3 cx16 xtpr pdcm pcid dca sse4_1 sse4_2 x2apic popcnt tsc_deadline_timer aes xsave avx f16c rdrand lahf_lm ida arat epb pln pts dtherm tpr_shadow vnmi flexpriority ept vpid fsgsbase smep erms xsaveopt
bogomips	: 5985.41
clflush size	: 64
cache_alignment	: 64
address sizes	: 46 bits physical, 48 bits virtual
power management:

processor	: 29
vendor_id	: GenuineIntel
cpu family	: 6
model		: 62
model name	: Intel(R) Xeon(R) CPU E5-2690 v2 @ 3.00GHz
stepping	: 4
microcode	: 0x428
cpu MHz		: 3000.000
cache size	: 25600 KB
physical id	: 0
siblings	: 20
core id		: 12
cpu cores	: 10
apicid		: 25
initial apicid	: 25
fpu		: yes
fpu_exception	: yes
cpuid level	: 13
wp		: yes
flags		: fpu vme de pse tsc msr pae mce cx8 apic sep mtrr pge mca cmov pat pse36 clflush dts acpi mmx fxsr sse sse2 ss ht tm pbe syscall nx pdpe1gb rdtscp lm constant_tsc arch_perfmon pebs bts rep_good nopl xtopology nonstop_tsc aperfmperf eagerfpu pni pclmulqdq dtes64 monitor ds_cpl vmx smx est tm2 ssse3 cx16 xtpr pdcm pcid dca sse4_1 sse4_2 x2apic popcnt tsc_deadline_timer aes xsave avx f16c rdrand lahf_lm ida arat epb pln pts dtherm tpr_shadow vnmi flexpriority ept vpid fsgsbase smep erms xsaveopt
bogomips	: 5985.41
clflush size	: 64
cache_alignment	: 64
address sizes	: 46 bits physical, 48 bits virtual
power management:

processor	: 30
vendor_id	: GenuineIntel
cpu family	: 6
model		: 62
model name	: Intel(R) Xeon(R) CPU E5-2690 v2 @ 3.00GHz
stepping	: 4
microcode	: 0x428
cpu MHz		: 3000.000
cache size	: 25600 KB
physical id	: 1
siblings	: 20
core id		: 0
cpu cores	: 10
apicid		: 33
initial apicid	: 33
fpu		: yes
fpu_exception	: yes
cpuid level	: 13
wp		: yes
flags		: fpu vme de pse tsc msr pae mce cx8 apic sep mtrr pge mca cmov pat pse36 clflush dts acpi mmx fxsr sse sse2 ss ht tm pbe syscall nx pdpe1gb rdtscp lm constant_tsc arch_perfmon pebs bts rep_good nopl xtopology nonstop_tsc aperfmperf eagerfpu pni pclmulqdq dtes64 monitor ds_cpl vmx smx est tm2 ssse3 cx16 xtpr pdcm pcid dca sse4_1 sse4_2 x2apic popcnt tsc_deadline_timer aes xsave avx f16c rdrand lahf_lm ida arat epb pln pts dtherm tpr_shadow vnmi flexpriority ept vpid fsgsbase smep erms xsaveopt
bogomips	: 5991.53
clflush size	: 64
cache_alignment	: 64
address sizes	: 46 bits physical, 48 bits virtual
power management:

processor	: 31
vendor_id	: GenuineIntel
cpu family	: 6
model		: 62
model name	: Intel(R) Xeon(R) CPU E5-2690 v2 @ 3.00GHz
stepping	: 4
microcode	: 0x428
cpu MHz		: 3000.000
cache size	: 25600 KB
physical id	: 1
siblings	: 20
core id		: 1
cpu cores	: 10
apicid		: 35
initial apicid	: 35
fpu		: yes
fpu_exception	: yes
cpuid level	: 13
wp		: yes
flags		: fpu vme de pse tsc msr pae mce cx8 apic sep mtrr pge mca cmov pat pse36 clflush dts acpi mmx fxsr sse sse2 ss ht tm pbe syscall nx pdpe1gb rdtscp lm constant_tsc arch_perfmon pebs bts rep_good nopl xtopology nonstop_tsc aperfmperf eagerfpu pni pclmulqdq dtes64 monitor ds_cpl vmx smx est tm2 ssse3 cx16 xtpr pdcm pcid dca sse4_1 sse4_2 x2apic popcnt tsc_deadline_timer aes xsave avx f16c rdrand lahf_lm ida arat epb pln pts dtherm tpr_shadow vnmi flexpriority ept vpid fsgsbase smep erms xsaveopt
bogomips	: 5991.53
clflush size	: 64
cache_alignment	: 64
address sizes	: 46 bits physical, 48 bits virtual
power management:

processor	: 32
vendor_id	: GenuineIntel
cpu family	: 6
model		: 62
model name	: Intel(R) Xeon(R) CPU E5-2690 v2 @ 3.00GHz
stepping	: 4
microcode	: 0x428
cpu MHz		: 3000.000
cache size	: 25600 KB
physical id	: 1
siblings	: 20
core id		: 2
cpu cores	: 10
apicid		: 37
initial apicid	: 37
fpu		: yes
fpu_exception	: yes
cpuid level	: 13
wp		: yes
flags		: fpu vme de pse tsc msr pae mce cx8 apic sep mtrr pge mca cmov pat pse36 clflush dts acpi mmx fxsr sse sse2 ss ht tm pbe syscall nx pdpe1gb rdtscp lm constant_tsc arch_perfmon pebs bts rep_good nopl xtopology nonstop_tsc aperfmperf eagerfpu pni pclmulqdq dtes64 monitor ds_cpl vmx smx est tm2 ssse3 cx16 xtpr pdcm pcid dca sse4_1 sse4_2 x2apic popcnt tsc_deadline_timer aes xsave avx f16c rdrand lahf_lm ida arat epb pln pts dtherm tpr_shadow vnmi flexpriority ept vpid fsgsbase smep erms xsaveopt
bogomips	: 5991.53
clflush size	: 64
cache_alignment	: 64
address sizes	: 46 bits physical, 48 bits virtual
power management:

processor	: 33
vendor_id	: GenuineIntel
cpu family	: 6
model		: 62
model name	: Intel(R) Xeon(R) CPU E5-2690 v2 @ 3.00GHz
stepping	: 4
microcode	: 0x428
cpu MHz		: 3000.000
cache size	: 25600 KB
physical id	: 1
siblings	: 20
core id		: 3
cpu cores	: 10
apicid		: 39
initial apicid	: 39
fpu		: yes
fpu_exception	: yes
cpuid level	: 13
wp		: yes
flags		: fpu vme de pse tsc msr pae mce cx8 apic sep mtrr pge mca cmov pat pse36 clflush dts acpi mmx fxsr sse sse2 ss ht tm pbe syscall nx pdpe1gb rdtscp lm constant_tsc arch_perfmon pebs bts rep_good nopl xtopology nonstop_tsc aperfmperf eagerfpu pni pclmulqdq dtes64 monitor ds_cpl vmx smx est tm2 ssse3 cx16 xtpr pdcm pcid dca sse4_1 sse4_2 x2apic popcnt tsc_deadline_timer aes xsave avx f16c rdrand lahf_lm ida arat epb pln pts dtherm tpr_shadow vnmi flexpriority ept vpid fsgsbase smep erms xsaveopt
bogomips	: 5991.53
clflush size	: 64
cache_alignment	: 64
address sizes	: 46 bits physical, 48 bits virtual
power management:

processor	: 34
vendor_id	: GenuineIntel
cpu family	: 6
model		: 62
model name	: Intel(R) Xeon(R) CPU E5-2690 v2 @ 3.00GHz
stepping	: 4
microcode	: 0x428
cpu MHz		: 3000.000
cache size	: 25600 KB
physical id	: 1
siblings	: 20
core id		: 4
cpu cores	: 10
apicid		: 41
initial apicid	: 41
fpu		: yes
fpu_exception	: yes
cpuid level	: 13
wp		: yes
flags		: fpu vme de pse tsc msr pae mce cx8 apic sep mtrr pge mca cmov pat pse36 clflush dts acpi mmx fxsr sse sse2 ss ht tm pbe syscall nx pdpe1gb rdtscp lm constant_tsc arch_perfmon pebs bts rep_good nopl xtopology nonstop_tsc aperfmperf eagerfpu pni pclmulqdq dtes64 monitor ds_cpl vmx smx est tm2 ssse3 cx16 xtpr pdcm pcid dca sse4_1 sse4_2 x2apic popcnt tsc_deadline_timer aes xsave avx f16c rdrand lahf_lm ida arat epb pln pts dtherm tpr_shadow vnmi flexpriority ept vpid fsgsbase smep erms xsaveopt
bogomips	: 5991.53
clflush size	: 64
cache_alignment	: 64
address sizes	: 46 bits physical, 48 bits virtual
power management:

processor	: 35
vendor_id	: GenuineIntel
cpu family	: 6
model		: 62
model name	: Intel(R) Xeon(R) CPU E5-2690 v2 @ 3.00GHz
stepping	: 4
microcode	: 0x428
cpu MHz		: 3000.000
cache size	: 25600 KB
physical id	: 1
siblings	: 20
core id		: 8
cpu cores	: 10
apicid		: 49
initial apicid	: 49
fpu		: yes
fpu_exception	: yes
cpuid level	: 13
wp		: yes
flags		: fpu vme de pse tsc msr pae mce cx8 apic sep mtrr pge mca cmov pat pse36 clflush dts acpi mmx fxsr sse sse2 ss ht tm pbe syscall nx pdpe1gb rdtscp lm constant_tsc arch_perfmon pebs bts rep_good nopl xtopology nonstop_tsc aperfmperf eagerfpu pni pclmulqdq dtes64 monitor ds_cpl vmx smx est tm2 ssse3 cx16 xtpr pdcm pcid dca sse4_1 sse4_2 x2apic popcnt tsc_deadline_timer aes xsave avx f16c rdrand lahf_lm ida arat epb pln pts dtherm tpr_shadow vnmi flexpriority ept vpid fsgsbase smep erms xsaveopt
bogomips	: 5991.53
clflush size	: 64
cache_alignment	: 64
address sizes	: 46 bits physical, 48 bits virtual
power management:

processor	: 36
vendor_id	: GenuineIntel
cpu family	: 6
model		: 62
model name	: Intel(R) Xeon(R) CPU E5-2690 v2 @ 3.00GHz
stepping	: 4
microcode	: 0x428
cpu MHz		: 3000.000
cache size	: 25600 KB
physical id	: 1
siblings	: 20
core id		: 9
cpu cores	: 10
apicid		: 51
initial apicid	: 51
fpu		: yes
fpu_exception	: yes
cpuid level	: 13
wp		: yes
flags		: fpu vme de pse tsc msr pae mce cx8 apic sep mtrr pge mca cmov pat pse36 clflush dts acpi mmx fxsr sse sse2 ss ht tm pbe syscall nx pdpe1gb rdtscp lm constant_tsc arch_perfmon pebs bts rep_good nopl xtopology nonstop_tsc aperfmperf eagerfpu pni pclmulqdq dtes64 monitor ds_cpl vmx smx est tm2 ssse3 cx16 xtpr pdcm pcid dca sse4_1 sse4_2 x2apic popcnt tsc_deadline_timer aes xsave avx f16c rdrand lahf_lm ida arat epb pln pts dtherm tpr_shadow vnmi flexpriority ept vpid fsgsbase smep erms xsaveopt
bogomips	: 5991.53
clflush size	: 64
cache_alignment	: 64
address sizes	: 46 bits physical, 48 bits virtual
power management:

processor	: 37
vendor_id	: GenuineIntel
cpu family	: 6
model		: 62
model name	: Intel(R) Xeon(R) CPU E5-2690 v2 @ 3.00GHz
stepping	: 4
microcode	: 0x428
cpu MHz		: 3000.000
cache size	: 25600 KB
physical id	: 1
siblings	: 20
core id		: 10
cpu cores	: 10
apicid		: 53
initial apicid	: 53
fpu		: yes
fpu_exception	: yes
cpuid level	: 13
wp		: yes
flags		: fpu vme de pse tsc msr pae mce cx8 apic sep mtrr pge mca cmov pat pse36 clflush dts acpi mmx fxsr sse sse2 ss ht tm pbe syscall nx pdpe1gb rdtscp lm constant_tsc arch_perfmon pebs bts rep_good nopl xtopology nonstop_tsc aperfmperf eagerfpu pni pclmulqdq dtes64 monitor ds_cpl vmx smx est tm2 ssse3 cx16 xtpr pdcm pcid dca sse4_1 sse4_2 x2apic popcnt tsc_deadline_timer aes xsave avx f16c rdrand lahf_lm ida arat epb pln pts dtherm tpr_shadow vnmi flexpriority ept vpid fsgsbase smep erms xsaveopt
bogomips	: 5991.53
clflush size	: 64
cache_alignment	: 64
address sizes	: 46 bits physical, 48 bits virtual
power management:

processor	: 38
vendor_id	: GenuineIntel
cpu family	: 6
model		: 62
model name	: Intel(R) Xeon(R) CPU E5-2690 v2 @ 3.00GHz
stepping	: 4
microcode	: 0x428
cpu MHz		: 3000.000
cache size	: 25600 KB
physical id	: 1
siblings	: 20
core id		: 11
cpu cores	: 10
apicid		: 55
initial apicid	: 55
fpu		: yes
fpu_exception	: yes
cpuid level	: 13
wp		: yes
flags		: fpu vme de pse tsc msr pae mce cx8 apic sep mtrr pge mca cmov pat pse36 clflush dts acpi mmx fxsr sse sse2 ss ht tm pbe syscall nx pdpe1gb rdtscp lm constant_tsc arch_perfmon pebs bts rep_good nopl xtopology nonstop_tsc aperfmperf eagerfpu pni pclmulqdq dtes64 monitor ds_cpl vmx smx est tm2 ssse3 cx16 xtpr pdcm pcid dca sse4_1 sse4_2 x2apic popcnt tsc_deadline_timer aes xsave avx f16c rdrand lahf_lm ida arat epb pln pts dtherm tpr_shadow vnmi flexpriority ept vpid fsgsbase smep erms xsaveopt
bogomips	: 5991.53
clflush size	: 64
cache_alignment	: 64
address sizes	: 46 bits physical, 48 bits virtual
power management:

processor	: 39
vendor_id	: GenuineIntel
cpu family	: 6
model		: 62
model name	: Intel(R) Xeon(R) CPU E5-2690 v2 @ 3.00GHz
stepping	: 4
microcode	: 0x428
cpu MHz		: 3000.000
cache size	: 25600 KB
physical id	: 1
siblings	: 20
core id		: 12
cpu cores	: 10
apicid		: 57
initial apicid	: 57
fpu		: yes
fpu_exception	: yes
cpuid level	: 13
wp		: yes
flags		: fpu vme de pse tsc msr pae mce cx8 apic sep mtrr pge mca cmov pat pse36 clflush dts acpi mmx fxsr sse sse2 ss ht tm pbe syscall nx pdpe1gb rdtscp lm constant_tsc arch_perfmon pebs bts rep_good nopl xtopology nonstop_tsc aperfmperf eagerfpu pni pclmulqdq dtes64 monitor ds_cpl vmx smx est tm2 ssse3 cx16 xtpr pdcm pcid dca sse4_1 sse4_2 x2apic popcnt tsc_deadline_timer aes xsave avx f16c rdrand lahf_lm ida arat epb pln pts dtherm tpr_shadow vnmi flexpriority ept vpid fsgsbase smep erms xsaveopt
bogomips	: 5991.53
clflush size	: 64
cache_alignment	: 64
address sizes	: 46 bits physical, 48 bits virtual
power management:



Memory: 4k page, physical 792385796k(743445536k free), swap 16777212k(16710548k free)

vm_info: OpenJDK 64-Bit Server VM (25.71-b15) for linux-amd64 JRE (1.8.0_71-b15), built on Jan 15 2016 11:59:28 by "mockbuild" with gcc 4.8.5 20150623 (Red Hat 4.8.5-4)

time: Sat Aug 20 13:35:17 2016
elapsed time: 0 seconds (0d 0h 0m 0s)

